android/app/build/intermediates/manifest_merge_blame_file/debug/manifest-merger-blame-debug-report.txt
1<?xml version="1.0" encoding="utf-8"?>
2<manifest xmlns:android="http://schemas.android.com/apk/res/android"
3    package="com.rekr"
4    android:versionCode="1"
5    android:versionName="1.0" >
6
7    <uses-sdk
8        android:minSdkVersion="21"
9        android:targetSdkVersion="30" />
10
11    <uses-permission android:name="android.permission.SYSTEM_ALERT_WINDOW" />
11-->src/debug/AndroidManifest.xml:5:5-77
11-->src/debug/AndroidManifest.xml:5:22-75
12    <uses-permission android:name="android.permission.INTERNET" />
12-->src/main/AndroidManifest.xml:4:5-67
12-->src/main/AndroidManifest.xml:4:22-64
13    <uses-permission android:name="android.permission.CAMERA" />
13-->src/main/AndroidManifest.xml:6:5-64
13-->src/main/AndroidManifest.xml:6:22-62
14    <uses-permission android:name="android.permission.READ_EXTERNAL_STORAGE" />
14-->src/main/AndroidManifest.xml:8:5-80
14-->src/main/AndroidManifest.xml:8:22-77
15    <uses-permission android:name="android.permission.WRITE_EXTERNAL_STORAGE" />
15-->src/main/AndroidManifest.xml:7:5-80
15-->src/main/AndroidManifest.xml:7:22-78
16    <uses-permission android:name="android.permission.ACCESS_NETWORK_STATE" />
16-->src/debug/AndroidManifest.xml:10:5-78
16-->src/debug/AndroidManifest.xml:10:22-76
17    <uses-permission android:name="android.permission.ACCESS_FINE_LOCATION" />
17-->src/main/AndroidManifest.xml:5:5-79
17-->src/main/AndroidManifest.xml:5:22-76
18    <uses-permission android:name="android.permission.ACCESS_WIFI_STATE" />
18-->[com.facebook.flipper:flipper:0.99.0] AndroidManifest.xml:16:5-76
18-->[com.facebook.flipper:flipper:0.99.0] AndroidManifest.xml:16:22-73
19    <uses-permission android:name="android.permission.WAKE_LOCK" />
19-->[:react-native-firebase_auth] AndroidManifest.xml:10:5-68
19-->[:react-native-firebase_auth] AndroidManifest.xml:10:22-65
20    <uses-permission android:name="android.permission.ACCESS_COARSE_LOCATION" />
20-->[:react-native-maps] AndroidManifest.xml:10:5-81
20-->[:react-native-maps] AndroidManifest.xml:10:22-78
21
22    <queries>
22-->[com.facebook.android:facebook-common:15.0.1] AndroidManifest.xml:29:5-31:15
23        <package android:name="com.facebook.katana" />
23-->[com.facebook.android:facebook-common:15.0.1] AndroidManifest.xml:30:9-55
23-->[com.facebook.android:facebook-common:15.0.1] AndroidManifest.xml:30:18-52
24        <!-- Added to check if Chrome is installed for browser-based payment authentication (e.g. 3DS1). -->
25        <package android:name="com.android.chrome" />
25-->[com.stripe:payments-core:16.10.0] AndroidManifest.xml:13:9-54
25-->[com.stripe:payments-core:16.10.0] AndroidManifest.xml:13:18-51
26    </queries>
27
28    <uses-permission android:name="android.permission.POST_NOTIFICATIONS" /> <!-- Required by older versions of Google Play services to create IID tokens -->
28-->[com.google.firebase:firebase-messaging:23.0.6] AndroidManifest.xml:26:5-77
28-->[com.google.firebase:firebase-messaging:23.0.6] AndroidManifest.xml:26:22-74
29    <uses-permission android:name="com.google.android.c2dm.permission.RECEIVE" />
29-->[com.google.firebase:firebase-messaging:23.0.6] AndroidManifest.xml:29:5-82
29-->[com.google.firebase:firebase-messaging:23.0.6] AndroidManifest.xml:29:22-79
30    <uses-permission android:name="com.google.android.gms.permission.AD_ID" />
30-->[com.google.android.gms:play-services-measurement-api:21.0.0] AndroidManifest.xml:25:5-79
30-->[com.google.android.gms:play-services-measurement-api:21.0.0] AndroidManifest.xml:25:22-76
31    <uses-permission android:name="android.permission.RECEIVE_BOOT_COMPLETED" />
31-->[androidx.work:work-runtime:2.5.0] AndroidManifest.xml:27:5-81
31-->[androidx.work:work-runtime:2.5.0] AndroidManifest.xml:27:22-78
32    <uses-permission android:name="android.permission.FOREGROUND_SERVICE" />
32-->[androidx.work:work-runtime:2.5.0] AndroidManifest.xml:28:5-77
32-->[androidx.work:work-runtime:2.5.0] AndroidManifest.xml:28:22-74
33
34    <uses-feature
34-->[com.google.android.gms:play-services-maps:17.0.0] AndroidManifest.xml:26:5-28:35
35        android:glEsVersion="0x00020000"
35-->[com.google.android.gms:play-services-maps:17.0.0] AndroidManifest.xml:27:9-41
36        android:required="true" />
36-->[com.google.android.gms:play-services-maps:17.0.0] AndroidManifest.xml:28:9-32
37
38    <uses-permission android:name="com.google.android.finsky.permission.BIND_GET_INSTALL_REFERRER_SERVICE" />
38-->[com.google.android.gms:play-services-measurement:21.0.0] AndroidManifest.xml:26:5-110
38-->[com.google.android.gms:play-services-measurement:21.0.0] AndroidManifest.xml:26:22-107
39    <uses-permission android:name="android.permission.REORDER_TASKS" />
39-->[androidx.test:core:1.4.0] AndroidManifest.xml:24:5-72
39-->[androidx.test:core:1.4.0] AndroidManifest.xml:24:22-69
40
41    <application
41-->src/main/AndroidManifest.xml:9:5-50:19
42        android:name="com.rekr.MainApplication"
42-->src/main/AndroidManifest.xml:10:7-38
43        android:allowBackup="false"
43-->src/main/AndroidManifest.xml:14:7-34
44        android:appComponentFactory="androidx.core.app.CoreComponentFactory"
44-->[androidx.core:core:1.6.0] AndroidManifest.xml:24:18-86
45        android:debuggable="true"
46        android:icon="@mipmap/ic_launcher"
46-->src/main/AndroidManifest.xml:12:7-41
47        android:label="@string/app_name"
47-->src/main/AndroidManifest.xml:11:7-39
48        android:roundIcon="@mipmap/ic_launcher_round"
48-->src/main/AndroidManifest.xml:13:7-52
49        android:supportsRtl="true"
49-->[com.facebook.android:facebook-android-sdk:15.0.1] AndroidManifest.xml:28:18-44
50        android:theme="@style/AppTheme"
50-->src/main/AndroidManifest.xml:15:7-38
51        android:usesCleartextTraffic="true" >
51-->src/debug/AndroidManifest.xml:13:9-44
52        <activity android:name="com.facebook.react.devsupport.DevSettingsActivity" />
52-->src/debug/AndroidManifest.xml:16:9-86
52-->src/debug/AndroidManifest.xml:16:19-83
53        <!-- </application> -->
54
55
56        <!-- <application android:label="@string/app_name" ...> -->
57    ...
58        <meta-data
58-->src/main/AndroidManifest.xml:30:4-31:52
59            android:name="com.facebook.sdk.ApplicationId"
59-->src/main/AndroidManifest.xml:30:15-60
60            android:value="@string/facebook_app_id" />
60-->src/main/AndroidManifest.xml:31:11-50
61        <!-- <meta-data android:name="com.facebook.sdk.ClientToken" android:value="56789"/> -->
62    ...
63        <activity
63-->src/main/AndroidManifest.xml:36:6-39:44
64            android:name="com.facebook.FacebookActivity"
64-->src/main/AndroidManifest.xml:36:16-60
65            android:configChanges="keyboard|keyboardHidden|screenLayout|screenSize|orientation"
65-->src/main/AndroidManifest.xml:37:9-109
66            android:label="@string/app_name"
66-->src/main/AndroidManifest.xml:39:9-41
67            android:theme="@style/com_facebook_activity_theme" />
67-->[com.facebook.android:facebook-common:15.0.1] AndroidManifest.xml:37:13-63
68        <activity
68-->src/main/AndroidManifest.xml:40:5-49:16
69            android:name="com.facebook.CustomTabActivity"
69-->src/main/AndroidManifest.xml:41:9-54
70            android:exported="true" >
70-->src/main/AndroidManifest.xml:42:9-32
71            <intent-filter>
71-->src/main/AndroidManifest.xml:43:9-48:25
72                <action android:name="android.intent.action.VIEW" />
72-->src/main/AndroidManifest.xml:44:13-65
72-->src/main/AndroidManifest.xml:44:21-62
73
74                <category android:name="android.intent.category.DEFAULT" />
74-->src/main/AndroidManifest.xml:45:13-72
74-->src/main/AndroidManifest.xml:45:23-69
75                <category android:name="android.intent.category.BROWSABLE" />
75-->src/main/AndroidManifest.xml:46:13-74
75-->src/main/AndroidManifest.xml:46:23-71
76
77                <data android:scheme="@string/fb_login_protocol_scheme" />
77-->src/main/AndroidManifest.xml:47:13-71
77-->src/main/AndroidManifest.xml:47:19-68
78            </intent-filter>
79            <intent-filter>
79-->[com.facebook.android:facebook-common:15.0.1] AndroidManifest.xml:43:13-52:29
80                <action android:name="android.intent.action.VIEW" />
80-->src/main/AndroidManifest.xml:44:13-65
80-->src/main/AndroidManifest.xml:44:21-62
81
82                <category android:name="android.intent.category.DEFAULT" />
82-->src/main/AndroidManifest.xml:45:13-72
82-->src/main/AndroidManifest.xml:45:23-69
83                <category android:name="android.intent.category.BROWSABLE" />
83-->src/main/AndroidManifest.xml:46:13-74
83-->src/main/AndroidManifest.xml:46:23-71
84
85                <data
85-->src/main/AndroidManifest.xml:47:13-71
86                    android:host="cct.com.rekr"
87                    android:scheme="fbconnect" />
87-->src/main/AndroidManifest.xml:47:19-68
88            </intent-filter>
89        </activity>
90        <activity
90-->src/main/AndroidManifest.xml:19:7-29:18
91            android:name="com.rekr.MainActivity"
91-->src/main/AndroidManifest.xml:20:9-37
92            android:configChanges="keyboard|keyboardHidden|orientation|screenSize|uiMode"
92-->src/main/AndroidManifest.xml:22:9-86
93            android:label="@string/app_name"
93-->src/main/AndroidManifest.xml:21:9-41
94            android:launchMode="singleTask"
94-->src/main/AndroidManifest.xml:23:9-40
95            android:windowSoftInputMode="adjustResize" >
95-->src/main/AndroidManifest.xml:24:9-51
96            <intent-filter>
96-->src/main/AndroidManifest.xml:25:9-28:25
97                <action android:name="android.intent.action.MAIN" />
97-->src/main/AndroidManifest.xml:26:13-65
97-->src/main/AndroidManifest.xml:26:21-62
98
99                <category android:name="android.intent.category.LAUNCHER" />
99-->src/main/AndroidManifest.xml:27:13-73
99-->src/main/AndroidManifest.xml:27:23-70
100            </intent-filter>
101        </activity>
102
103        <meta-data
103-->src/main/AndroidManifest.xml:32:6-108
104            android:name="com.facebook.sdk.ClientToken"
104-->src/main/AndroidManifest.xml:32:17-60
105            android:value="@string/facebook_client_token" />
105-->src/main/AndroidManifest.xml:32:61-106
106        <meta-data
106-->src/main/AndroidManifest.xml:33:4-35:64
107            android:name="com.google.android.geo.API_KEY"
107-->src/main/AndroidManifest.xml:34:7-52
108            android:value="AIzaSyABpx4ZgqeykN4AWQE0Dm_RD3W2NkCfthM" />
108-->src/main/AndroidManifest.xml:35:7-62
109
110        <activity
110-->[:tipsi-stripe] AndroidManifest.xml:10:9-14:75
111            android:name="com.gettipsi.stripe.OpenBrowserActivity"
111-->[:tipsi-stripe] AndroidManifest.xml:11:13-67
112            android:exported="false"
112-->[:tipsi-stripe] AndroidManifest.xml:12:13-37
113            android:launchMode="singleTask"
113-->[:tipsi-stripe] AndroidManifest.xml:13:13-44
114            android:theme="@android:style/Theme.Translucent.NoTitleBar" />
114-->[:tipsi-stripe] AndroidManifest.xml:14:13-72
115        <activity
115-->[:tipsi-stripe] AndroidManifest.xml:15:9-28:20
116            android:name="com.gettipsi.stripe.RedirectUriReceiver"
116-->[:tipsi-stripe] AndroidManifest.xml:16:13-67
117            android:exported="true"
117-->[:tipsi-stripe] AndroidManifest.xml:17:13-36
118            android:launchMode="singleTask"
118-->[:tipsi-stripe] AndroidManifest.xml:18:13-44
119            android:theme="@android:style/Theme.Translucent.NoTitleBar.Fullscreen" >
119-->[:tipsi-stripe] AndroidManifest.xml:19:13-83
120            <intent-filter>
120-->[:tipsi-stripe] AndroidManifest.xml:20:13-27:29
121                <action android:name="android.intent.action.VIEW" />
121-->src/main/AndroidManifest.xml:44:13-65
121-->src/main/AndroidManifest.xml:44:21-62
122
123                <category android:name="android.intent.category.DEFAULT" />
123-->src/main/AndroidManifest.xml:45:13-72
123-->src/main/AndroidManifest.xml:45:23-69
124                <category android:name="android.intent.category.BROWSABLE" />
124-->src/main/AndroidManifest.xml:46:13-74
124-->src/main/AndroidManifest.xml:46:23-71
125
126                <data android:scheme="example" />
126-->src/main/AndroidManifest.xml:47:13-71
126-->src/main/AndroidManifest.xml:47:19-68
127            </intent-filter>
128        </activity>
129
130        <service
130-->[:react-native-firebase_messaging] AndroidManifest.xml:14:9-16:40
131            android:name="io.invertase.firebase.messaging.ReactNativeFirebaseMessagingHeadlessService"
131-->[:react-native-firebase_messaging] AndroidManifest.xml:15:13-103
132            android:exported="false" />
132-->[:react-native-firebase_messaging] AndroidManifest.xml:16:13-37
133        <service
133-->[:react-native-firebase_messaging] AndroidManifest.xml:17:9-23:19
134            android:name="io.invertase.firebase.messaging.ReactNativeFirebaseMessagingService"
134-->[:react-native-firebase_messaging] AndroidManifest.xml:18:13-95
135            android:exported="false" >
135-->[:react-native-firebase_messaging] AndroidManifest.xml:19:13-37
136            <intent-filter>
136-->[:react-native-firebase_messaging] AndroidManifest.xml:20:13-22:29
137                <action android:name="com.google.firebase.MESSAGING_EVENT" />
137-->[:react-native-firebase_messaging] AndroidManifest.xml:21:17-78
137-->[:react-native-firebase_messaging] AndroidManifest.xml:21:25-75
138            </intent-filter>
139        </service>
140
141        <receiver
141-->[:react-native-firebase_messaging] AndroidManifest.xml:25:9-32:20
142            android:name="io.invertase.firebase.messaging.ReactNativeFirebaseMessagingReceiver"
142-->[:react-native-firebase_messaging] AndroidManifest.xml:26:13-96
143            android:exported="true"
143-->[:react-native-firebase_messaging] AndroidManifest.xml:27:13-36
144            android:permission="com.google.android.c2dm.permission.SEND" >
144-->[:react-native-firebase_messaging] AndroidManifest.xml:28:13-73
145            <intent-filter>
145-->[:react-native-firebase_messaging] AndroidManifest.xml:29:13-31:29
146                <action android:name="com.google.android.c2dm.intent.RECEIVE" />
146-->[:react-native-firebase_messaging] AndroidManifest.xml:30:17-81
146-->[:react-native-firebase_messaging] AndroidManifest.xml:30:25-78
147            </intent-filter>
148        </receiver>
149
150        <meta-data
150-->[:react-native-firebase_messaging] AndroidManifest.xml:34:9-36:36
151            android:name="firebase_messaging_auto_init_enabled"
151-->[:react-native-firebase_messaging] AndroidManifest.xml:35:13-64
152            android:value="true" />
152-->[:react-native-firebase_messaging] AndroidManifest.xml:36:13-33
153        <meta-data
153-->[:react-native-firebase_messaging] AndroidManifest.xml:37:9-39:32
154            android:name="com.google.firebase.messaging.default_notification_channel_id"
154-->[:react-native-firebase_messaging] AndroidManifest.xml:38:13-89
155            android:value="" />
155-->[:react-native-firebase_messaging] AndroidManifest.xml:39:13-29
156        <meta-data
156-->[:react-native-firebase_messaging] AndroidManifest.xml:40:9-42:47
157            android:name="com.google.firebase.messaging.default_notification_color"
157-->[:react-native-firebase_messaging] AndroidManifest.xml:41:13-84
158            android:resource="@color/white" />
158-->[:react-native-firebase_messaging] AndroidManifest.xml:42:13-44
159        <meta-data
159-->[:react-native-firebase_app] AndroidManifest.xml:11:9-13:36
160            android:name="app_data_collection_default_enabled"
160-->[:react-native-firebase_app] AndroidManifest.xml:12:13-63
161            android:value="true" />
161-->[:react-native-firebase_app] AndroidManifest.xml:13:13-33
162
163        <service
163-->[:react-native-firebase_app] AndroidManifest.xml:15:9-23:19
164            android:name="com.google.firebase.components.ComponentDiscoveryService"
164-->[:react-native-firebase_app] AndroidManifest.xml:16:13-84
165            android:directBootAware="true"
165-->[:react-native-firebase_app] AndroidManifest.xml:17:13-43
166            android:exported="false" >
166-->[:react-native-firebase_app] AndroidManifest.xml:18:13-37
167            <meta-data
167-->[:react-native-firebase_app] AndroidManifest.xml:20:13-22:85
168                android:name="com.google.firebase.components:io.invertase.firebase.app.ReactNativeFirebaseAppRegistrar"
168-->[:react-native-firebase_app] AndroidManifest.xml:21:17-120
169                android:value="com.google.firebase.components.ComponentRegistrar" />
169-->[:react-native-firebase_app] AndroidManifest.xml:22:17-82
170            <meta-data
170-->[com.google.firebase:firebase-messaging:23.0.6] AndroidManifest.xml:56:13-58:85
171                android:name="com.google.firebase.components:com.google.firebase.messaging.FirebaseMessagingRegistrar"
171-->[com.google.firebase:firebase-messaging:23.0.6] AndroidManifest.xml:57:17-119
172                android:value="com.google.firebase.components.ComponentRegistrar" />
172-->[com.google.firebase:firebase-messaging:23.0.6] AndroidManifest.xml:58:17-82
173            <meta-data
173-->[com.google.firebase:firebase-datatransport:18.1.5] AndroidManifest.xml:28:13-30:85
174                android:name="com.google.firebase.components:com.google.firebase.datatransport.TransportRegistrar"
174-->[com.google.firebase:firebase-datatransport:18.1.5] AndroidManifest.xml:29:17-115
175                android:value="com.google.firebase.components.ComponentRegistrar" />
175-->[com.google.firebase:firebase-datatransport:18.1.5] AndroidManifest.xml:30:17-82
176            <meta-data
176-->[com.google.firebase:firebase-functions:20.1.0] AndroidManifest.xml:18:13-20:85
177                android:name="com.google.firebase.components:com.google.firebase.functions.FunctionsRegistrar"
177-->[com.google.firebase:firebase-functions:20.1.0] AndroidManifest.xml:19:17-111
178                android:value="com.google.firebase.components.ComponentRegistrar" />
178-->[com.google.firebase:firebase-functions:20.1.0] AndroidManifest.xml:20:17-82
179            <meta-data
179-->[com.google.firebase:firebase-auth:21.0.6] AndroidManifest.xml:67:13-69:85
180                android:name="com.google.firebase.components:com.google.firebase.auth.FirebaseAuthRegistrar"
180-->[com.google.firebase:firebase-auth:21.0.6] AndroidManifest.xml:68:17-109
181                android:value="com.google.firebase.components.ComponentRegistrar" />
181-->[com.google.firebase:firebase-auth:21.0.6] AndroidManifest.xml:69:17-82
182            <meta-data
182-->[com.google.firebase:firebase-iid:21.1.0] AndroidManifest.xml:32:13-34:85
183                android:name="com.google.firebase.components:com.google.firebase.iid.Registrar"
183-->[com.google.firebase:firebase-iid:21.1.0] AndroidManifest.xml:33:17-96
184                android:value="com.google.firebase.components.ComponentRegistrar" />
184-->[com.google.firebase:firebase-iid:21.1.0] AndroidManifest.xml:34:17-82
185            <meta-data
185-->[com.google.firebase:firebase-firestore:24.2.0] AndroidManifest.xml:20:13-22:85
186                android:name="com.google.firebase.components:com.google.firebase.firestore.FirestoreRegistrar"
186-->[com.google.firebase:firebase-firestore:24.2.0] AndroidManifest.xml:21:17-111
187                android:value="com.google.firebase.components.ComponentRegistrar" />
187-->[com.google.firebase:firebase-firestore:24.2.0] AndroidManifest.xml:22:17-82
188            <meta-data
188-->[com.google.firebase:firebase-storage:20.0.1] AndroidManifest.xml:33:13-35:85
189                android:name="com.google.firebase.components:com.google.firebase.storage.StorageRegistrar"
189-->[com.google.firebase:firebase-storage:20.0.1] AndroidManifest.xml:34:17-107
190                android:value="com.google.firebase.components.ComponentRegistrar" />
190-->[com.google.firebase:firebase-storage:20.0.1] AndroidManifest.xml:35:17-82
191            <meta-data
191-->[com.google.android.gms:play-services-measurement-api:21.0.0] AndroidManifest.xml:31:13-33:85
192                android:name="com.google.firebase.components:com.google.firebase.analytics.connector.internal.AnalyticsConnectorRegistrar"
192-->[com.google.android.gms:play-services-measurement-api:21.0.0] AndroidManifest.xml:32:17-139
193                android:value="com.google.firebase.components.ComponentRegistrar" />
193-->[com.google.android.gms:play-services-measurement-api:21.0.0] AndroidManifest.xml:33:17-82
194            <meta-data
194-->[com.google.firebase:firebase-installations:17.0.1] AndroidManifest.xml:18:13-20:85
195                android:name="com.google.firebase.components:com.google.firebase.installations.FirebaseInstallationsRegistrar"
195-->[com.google.firebase:firebase-installations:17.0.1] AndroidManifest.xml:19:17-127
196                android:value="com.google.firebase.components.ComponentRegistrar" />
196-->[com.google.firebase:firebase-installations:17.0.1] AndroidManifest.xml:20:17-82
197        </service>
198
199        <provider
199-->[:react-native-firebase_app] AndroidManifest.xml:25:9-29:38
200            android:name="io.invertase.firebase.app.ReactNativeFirebaseAppInitProvider"
200-->[:react-native-firebase_app] AndroidManifest.xml:26:13-88
201            android:authorities="com.rekr.reactnativefirebaseappinitprovider"
201-->[:react-native-firebase_app] AndroidManifest.xml:27:13-86
202            android:exported="false"
202-->[:react-native-firebase_app] AndroidManifest.xml:28:13-37
203            android:initOrder="99" />
203-->[:react-native-firebase_app] AndroidManifest.xml:29:13-35
204        <provider
204-->[:react-native-image-picker] AndroidManifest.xml:10:9-18:20
205            android:name="com.imagepicker.ImagePickerProvider"
205-->[:react-native-image-picker] AndroidManifest.xml:11:13-63
206            android:authorities="com.rekr.imagepickerprovider"
206-->[:react-native-image-picker] AndroidManifest.xml:12:13-71
207            android:exported="false"
207-->[:react-native-image-picker] AndroidManifest.xml:13:13-37
208            android:grantUriPermissions="true" >
208-->[:react-native-image-picker] AndroidManifest.xml:14:13-47
209            <meta-data
209-->[:react-native-image-picker] AndroidManifest.xml:15:13-17:70
210                android:name="android.support.FILE_PROVIDER_PATHS"
210-->[:react-native-image-picker] AndroidManifest.xml:16:17-67
211                android:resource="@xml/imagepicker_provider_paths" />
211-->[:react-native-image-picker] AndroidManifest.xml:17:17-67
212        </provider>
213        <provider
213-->[:react-native-webview] AndroidManifest.xml:10:9-18:20
214            android:name="com.reactnativecommunity.webview.RNCWebViewFileProvider"
214-->[:react-native-webview] AndroidManifest.xml:11:13-83
215            android:authorities="com.rekr.fileprovider"
215-->[:react-native-webview] AndroidManifest.xml:12:13-64
216            android:exported="false"
216-->[:react-native-webview] AndroidManifest.xml:13:13-37
217            android:grantUriPermissions="true" >
217-->[:react-native-webview] AndroidManifest.xml:14:13-47
218            <meta-data
218-->[:react-native-image-picker] AndroidManifest.xml:15:13-17:70
219                android:name="android.support.FILE_PROVIDER_PATHS"
219-->[:react-native-image-picker] AndroidManifest.xml:16:17-67
220                android:resource="@xml/file_provider_paths" />
220-->[:react-native-image-picker] AndroidManifest.xml:17:17-67
221        </provider>
222
223        <activity android:name="com.facebook.CustomTabMainActivity" />
223-->[com.facebook.android:facebook-common:15.0.1] AndroidManifest.xml:38:9-71
223-->[com.facebook.android:facebook-common:15.0.1] AndroidManifest.xml:38:19-68
224        <activity
224-->[com.stripe:payments-core:16.10.0] AndroidManifest.xml:17:9-19:57
225            android:name="com.stripe.android.view.AddPaymentMethodActivity"
225-->[com.stripe:payments-core:16.10.0] AndroidManifest.xml:18:13-76
226            android:theme="@style/StripeDefaultTheme" />
226-->[com.stripe:payments-core:16.10.0] AndroidManifest.xml:19:13-54
227        <activity
227-->[com.stripe:payments-core:16.10.0] AndroidManifest.xml:20:9-22:57
228            android:name="com.stripe.android.view.PaymentMethodsActivity"
228-->[com.stripe:payments-core:16.10.0] AndroidManifest.xml:21:13-74
229            android:theme="@style/StripeDefaultTheme" />
229-->[com.stripe:payments-core:16.10.0] AndroidManifest.xml:22:13-54
230        <activity
230-->[com.stripe:payments-core:16.10.0] AndroidManifest.xml:23:9-25:57
231            android:name="com.stripe.android.view.PaymentFlowActivity"
231-->[com.stripe:payments-core:16.10.0] AndroidManifest.xml:24:13-71
232            android:theme="@style/StripeDefaultTheme" />
232-->[com.stripe:payments-core:16.10.0] AndroidManifest.xml:25:13-54
233        <activity
233-->[com.stripe:payments-core:16.10.0] AndroidManifest.xml:26:9-29:58
234            android:name="com.stripe.android.view.PaymentAuthWebViewActivity"
234-->[com.stripe:payments-core:16.10.0] AndroidManifest.xml:27:13-78
235            android:theme="@style/StripeDefaultTheme"
235-->[com.stripe:payments-core:16.10.0] AndroidManifest.xml:28:13-54
236            android:windowSoftInputMode="adjustResize" />
236-->[com.stripe:payments-core:16.10.0] AndroidManifest.xml:29:13-55
237        <activity
237-->[com.stripe:payments-core:16.10.0] AndroidManifest.xml:30:9-32:61
238            android:name="com.stripe.android.view.PaymentRelayActivity"
238-->[com.stripe:payments-core:16.10.0] AndroidManifest.xml:31:13-72
239            android:theme="@style/StripeTransparentTheme" />
239-->[com.stripe:payments-core:16.10.0] AndroidManifest.xml:32:13-58
240        <!--
241        Set android:launchMode="singleTop" so that the StripeBrowserLauncherActivity instance that
242        launched the browser Activity will also handle the return URL deep link.
243        -->
244        <activity
244-->[com.stripe:payments-core:16.10.0] AndroidManifest.xml:38:9-54:20
245            android:name="com.stripe.android.payments.StripeBrowserLauncherActivity"
245-->[com.stripe:payments-core:16.10.0] AndroidManifest.xml:39:13-85
246            android:launchMode="singleTop"
246-->[com.stripe:payments-core:16.10.0] AndroidManifest.xml:40:13-43
247            android:theme="@style/StripeTransparentTheme" >
247-->[com.stripe:payments-core:16.10.0] AndroidManifest.xml:41:13-58
248            <intent-filter>
248-->[com.stripe:payments-core:16.10.0] AndroidManifest.xml:42:13-53:29
249                <action android:name="android.intent.action.VIEW" />
249-->src/main/AndroidManifest.xml:44:13-65
249-->src/main/AndroidManifest.xml:44:21-62
250
251                <category android:name="android.intent.category.DEFAULT" />
251-->src/main/AndroidManifest.xml:45:13-72
251-->src/main/AndroidManifest.xml:45:23-69
252                <category android:name="android.intent.category.BROWSABLE" />
252-->src/main/AndroidManifest.xml:46:13-74
252-->src/main/AndroidManifest.xml:46:23-71
253
254                <!-- Must match `DefaultReturnUrl#value`. -->
255                <data
255-->src/main/AndroidManifest.xml:47:13-71
256                    android:host="payment_return_url"
257                    android:path="/com.rekr"
258                    android:scheme="stripesdk" />
258-->src/main/AndroidManifest.xml:47:19-68
259            </intent-filter>
260        </activity>
261        <activity
261-->[com.stripe:payments-core:16.10.0] AndroidManifest.xml:55:9-57:57
262            android:name="com.stripe.android.view.Stripe3ds2CompletionActivity"
262-->[com.stripe:payments-core:16.10.0] AndroidManifest.xml:56:13-80
263            android:theme="@style/StripeDefaultTheme" />
263-->[com.stripe:payments-core:16.10.0] AndroidManifest.xml:57:13-54
264        <activity
264-->[com.stripe:payments-core:16.10.0] AndroidManifest.xml:58:9-60:69
265            android:name="com.stripe.android.paymentsheet.PaymentSheetActivity"
265-->[com.stripe:payments-core:16.10.0] AndroidManifest.xml:59:13-80
266            android:theme="@style/StripePaymentSheetDefaultTheme" />
266-->[com.stripe:payments-core:16.10.0] AndroidManifest.xml:60:13-66
267        <activity
267-->[com.stripe:payments-core:16.10.0] AndroidManifest.xml:61:9-63:69
268            android:name="com.stripe.android.paymentsheet.PaymentOptionsActivity"
268-->[com.stripe:payments-core:16.10.0] AndroidManifest.xml:62:13-82
269            android:theme="@style/StripePaymentSheetDefaultTheme" />
269-->[com.stripe:payments-core:16.10.0] AndroidManifest.xml:63:13-66
270        <activity
270-->[com.stripe:payments-core:16.10.0] AndroidManifest.xml:64:9-66:66
271            android:name="com.stripe.android.googlepay.StripeGooglePayActivity"
271-->[com.stripe:payments-core:16.10.0] AndroidManifest.xml:65:13-80
272            android:theme="@style/StripeGooglePayDefaultTheme" />
272-->[com.stripe:payments-core:16.10.0] AndroidManifest.xml:66:13-63
273        <activity
273-->[com.stripe:stripe-3ds2-android:5.3.1] AndroidManifest.xml:10:9-12:54
274            android:name="com.stripe.android.stripe3ds2.views.ChallengeActivity"
274-->[com.stripe:stripe-3ds2-android:5.3.1] AndroidManifest.xml:11:13-81
275            android:theme="@style/Stripe3DS2Theme" />
275-->[com.stripe:stripe-3ds2-android:5.3.1] AndroidManifest.xml:12:13-51
276        <activity
276-->[com.stripe:stripe-3ds2-android:5.3.1] AndroidManifest.xml:13:9-15:54
277            android:name="com.stripe.android.stripe3ds2.views.ChallengeProgressActivity"
277-->[com.stripe:stripe-3ds2-android:5.3.1] AndroidManifest.xml:14:13-89
278            android:theme="@style/Stripe3DS2Theme" />
278-->[com.stripe:stripe-3ds2-android:5.3.1] AndroidManifest.xml:15:13-51
279
280        <receiver
280-->[com.google.firebase:firebase-messaging:23.0.6] AndroidManifest.xml:32:9-39:20
281            android:name="com.google.firebase.iid.FirebaseInstanceIdReceiver"